[debug] [2019-10-23T14:16:58.574Z] ----------------------------------------------------------------------
[debug] [2019-10-23T14:16:58.575Z] Command:       /usr/local/bin/node /usr/local/bin/firebase deploy --only hosting:bangkoktime
[debug] [2019-10-23T14:16:58.575Z] CLI Version:   7.6.1
[debug] [2019-10-23T14:16:58.576Z] Platform:      darwin
[debug] [2019-10-23T14:16:58.576Z] Node Version:  v10.15.3
[debug] [2019-10-23T14:16:58.576Z] Time:          Wed Oct 23 2019 21:16:58 GMT+0700 (Indochina Time)
[debug] [2019-10-23T14:16:58.576Z] ----------------------------------------------------------------------
[debug] [2019-10-23T14:16:58.576Z] 
[debug] [2019-10-23T14:16:58.582Z] > command requires scopes: ["email","openid","https://www.googleapis.com/auth/cloudplatformprojects.readonly","https://www.googleapis.com/auth/firebase","https://www.googleapis.com/auth/cloud-platform"]
[debug] [2019-10-23T14:16:58.583Z] > authorizing via signed-in user
[debug] [2019-10-23T14:16:58.583Z] [iam] checking project portfolio-22116 for permissions ["firebase.projects.get","firebasehosting.sites.update"]
[debug] [2019-10-23T14:16:58.584Z] >>> HTTP REQUEST POST https://cloudresourcemanager.googleapis.com/v1/projects/portfolio-22116:testIamPermissions  

[debug] [2019-10-23T14:16:59.911Z] <<< HTTP RESPONSE 200
[debug] [2019-10-23T14:16:59.913Z] >>> HTTP REQUEST GET https://firebase.googleapis.com/v1beta1/projects/portfolio-22116  
 
[debug] [2019-10-23T14:17:00.457Z] <<< HTTP RESPONSE 200
[info] 
[info] === Deploying to 'portfolio-22116'...
[info] 
[info] i  deploying hosting
[info] 
[info] ✔  Deploy complete!
[info] 
[info] Project Console: https://console.firebase.google.com/project/portfolio-22116/overview
[debug] [2019-10-23T14:17:00.616Z] TypeError: Cannot read property 'deploys' of undefined
    at /usr/local/lib/node_modules/firebase-tools/lib/deploy/index.js:84:36
    at process._tickCallback (internal/process/next_tick.js:68:7)
[error] 
[error] Error: An unexpected error has occurred.
